<?xml version="1.0" encoding="UTF-8"?>
<testng-results ignored="0" total="1" passed="1" failed="0" skipped="0">
  <reporter-output>
  </reporter-output>
  <suite started-at="2023-04-11T01:03:36 IST" name="Default suite" finished-at="2023-04-11T01:03:48 IST" duration-ms="12021">
    <groups>
    </groups>
    <test started-at="2023-04-11T01:03:36 IST" name="Default test" finished-at="2023-04-11T01:03:48 IST" duration-ms="12021">
      <class name="com.testMethods.ValidateUI">
        <test-method signature="Login()[pri:0, instance:com.testMethods.ValidateUI@776aec5c]" started-at="2023-04-11T01:03:36 IST" name="Login" finished-at="2023-04-11T01:03:48 IST" duration-ms="11984" status="PASS">
          <reporter-output>
          </reporter-output>
        </test-method> <!-- Login -->
      </class> <!-- com.testMethods.ValidateUI -->
    </test> <!-- Default test -->
  </suite> <!-- Default suite -->
</testng-results>
